------------------------------------------
M.U.G.E.N ver 1.00 (2011.01.18) status log
------------------------------------------
Parsing command line...
Command line: C:\Users\Lwyz\Downloads\mugen100\mugen\mugen.exe
Parse command line OK
Initializing...
Allocating game variables
Reading configuration file...OK
Initializing timer...performance timer enabled...frequency 10000000...OK
Initializing keyboard...configuring...OK
Initializing input engine...OK
Initializing sound...Using SDL audio driver: dsound
Requesting mixer parameters (44100, 16, 2, 2048)...
Opened mixer with parameters (44100, 16, 2, 2048)...
OK
Initializing BGM...BGMThreadInit returned 0
OK
Initializing graphics...gameCoord 1280x720...render mode 0_0...trying 1280x720x16 mode 0x0...success...OK
Setting callbacks...OK
Initializing font...OK
Initializing game variables...OK
Loading system fonts...OK
Loading options...
Initializing pads...failed
Reinitializing input engine...OK
Remapping keys...OK
Reinitializing input engine...OK
Options loaded OK
Loading system...
  Load system file system.def...OK
  Load system spr...OK
  Load system snd...OK
  Load system fonts...OK
  Load system anim...OK
  Load [Title Info]...OK
  Load [Option Info]...OK
  Load [Select Info]...OK
  Load [VS Screen]...OK
  Load [Victory Screen]...OK
  Load [Demo Mode]...OK
  Load [Continue Screen]...OK
  Load [Game Over Screen]...OK
  Load [Win Screen]...OK
  Load [Survival Results Screen]...OK
  Load [Default Ending]...OK
  Load [End Credits]...OK
  Load TitleBG...VersusBG...VictoryBG...SelectBG...OptionBG...OK
  Loading fight data
    Opening fight data file data/mugen1/fight.def...OK
    Reading [Files]...OK
    Loading fonts...OK
    Load fight anim...OK
    Reading [Lifebar]...[Turns Lifebar]...[Simul Lifebar]...[Powerbar]...
    [Face]...[Simul Face]...[Turns Face]...
    [Name]...[Simul Name]...[Turns Name]...
    [Time]...[Combo]...[Round]...[WinIcon]...OK
    Allocating explods...OK
  Fight data loaded OK
System loaded OK
Initialize OK
Set up graphics...timer...OK
Initializing character info...OK
Initializing select screen...finding characters...OK

Entering main loop
Entering character select.
attempting load and start...no BGM...attempting load and start...no BGM...Entering character select.
attempting load and start...no BGM...attempting load and start...no BGM...Loading character chars/kfm/kfm.def...
  Loading info...OK
  Loading cmd command set kfm.cmd...OK
  Loading cns kfm.cns...OK
  Loading cmd state entry kfm.cmd...OK
  Loading common states common1.cns...OK
  Unloading command names...OK
  Loading sff kfm.sff...OK
  Loading anim kfm.air...OK
  Loading snd kfm.snd...OK
  Loading pals...OK
  Loading learned AI kfm.ai...OK
  3009 expressions (979 on trigger lines)
Character kfm.def loaded OK
Loading character chars/kfm720/kfm720.def...
  Loading info...OK
  Loading cmd command set kfm720.cmd...OK
  Loading cns kfm720.cns...OK
  Loading cmd state entry kfm720.cmd...OK
  Loading common states common1.cns...OK
  Unloading command names...OK
  Loading sff kfm720.sff...OK
  Loading anim kfm720.air...OK
  Loading snd kfm.snd...OK
  Loading pals...OK
  Loading learned AI kfm720.ai...OK
  3008 expressions (978 on trigger lines)
Character kfm720.def loaded OK
attempting load and start...no BGM...Initializing stage...
  Loading BG...OK
  Allocating helpers...OK
Stage initialized OK
Start of game loop
End of game loop
Total time: 51.04s
Total frames: 3060 	Skipped frames: 0
Avg game rate: 59.95
Avg frame rate: 59.95

Entering character select.
attempting load and start...no BGM...attempting load and start...no BGM...Returned from main loop
Deinitializing...
Frames      : 3060
Time elapsed: 105.900 sec
ticks: 10590, tps: 100, start 84, end 10674

Clearing player cache...OK
Freeing character info...OK
Freeing select screen...OK
Freeing fight data...OK
Freeing system data...OK
Freeing game variables...OK
Deinitializing input...pad...keyboard...OK
Removing callbacks...OK
Deintializing timer...OK
Deinitializing graphics...OK
Deinitializing BGM...OK
Deinitializing sound...OK
Successful program termination.

Log file successfully closed.
